<?xml version="1.0" encoding="UTF-8"?>
<!-- Generated by org.testng.reporters.JUnitReportReporter -->
<testsuite hostname="DESKTOP-C9NFQ72" name="com.training.sanity.Mediumtests.ReturnOrder_UNF036" tests="2" failures="0" timestamp="13 May 2020 15:01:40 GMT" time="10.577" errors="0">
  <testcase name="viewOrderHistory" time="7.311" classname="com.training.sanity.Mediumtests.ReturnOrder_UNF036"/>
  <testcase name="homePage" time="3.266" classname="com.training.sanity.Mediumtests.ReturnOrder_UNF036"/>
</testsuite> <!-- com.training.sanity.Mediumtests.ReturnOrder_UNF036 -->
