<?xml version="1.0" encoding="UTF-8"?>
<!-- Generated by org.testng.reporters.JUnitReportReporter -->
<testsuite hostname="DESKTOP-C9NFQ72" name="com.training.sanity.Complex.AdminAddProductInvalidCreds" tests="5" failures="0" timestamp="21 May 2020 04:39:52 GMT" time="64.062" errors="0">
  <testcase name="addProductInvalid" time="15.426" classname="com.training.sanity.Complex.AdminAddProductInvalidCreds"/>
  <testcase name="uniformLogin" time="3.727" classname="com.training.sanity.Complex.AdminAddProductInvalidCreds"/>
  <testcase name="addProductInvalid" time="15.604" classname="com.training.sanity.Complex.AdminAddProductInvalidCreds"/>
  <testcase name="addProductInvalid" time="14.877" classname="com.training.sanity.Complex.AdminAddProductInvalidCreds"/>
  <testcase name="addProductInvalid" time="14.428" classname="com.training.sanity.Complex.AdminAddProductInvalidCreds"/>
</testsuite> <!-- com.training.sanity.Complex.AdminAddProductInvalidCreds -->
