<?xml version="1.0" encoding="UTF-8"?>
<!-- Generated by org.testng.reporters.JUnitReportReporter -->
<testsuite hostname="DESKTOP-C9NFQ72" name="com.training.sanity.Mediumtests.AdminAddProduct_UNF035" tests="2" failures="0" timestamp="13 May 2020 08:04:33 GMT" time="13.920" errors="0">
  <testcase name="catalogPage" time="10.396" classname="com.training.sanity.Mediumtests.AdminAddProduct_UNF035"/>
  <testcase name="uniformLogin" time="3.524" classname="com.training.sanity.Mediumtests.AdminAddProduct_UNF035"/>
</testsuite> <!-- com.training.sanity.Mediumtests.AdminAddProduct_UNF035 -->
