<?xml version="1.0" encoding="UTF-8"?>
<!-- Generated by org.testng.reporters.JUnitReportReporter -->
<testsuite hostname="DESKTOP-C9NFQ72" name="com.training.sanity.tests.AdminAddProduct_UNF035" tests="1" failures="0" timestamp="11 May 2020 14:25:28 GMT" time="2.536" errors="0">
  <testcase name="uniformLogin" time="2.536" classname="com.training.sanity.tests.AdminAddProduct_UNF035"/>
</testsuite> <!-- com.training.sanity.tests.AdminAddProduct_UNF035 -->
