<?xml version="1.0" encoding="UTF-8"?>
<!-- Generated by org.testng.reporters.JUnitReportReporter -->
<testsuite hostname="DESKTOP-C9NFQ72" name="com.training.sanity.Mediumtests.PlaceOrder_UNF034" tests="1" failures="0" timestamp="13 May 2020 08:44:16 GMT" time="20.133" errors="0">
  <testcase name="homePage" time="20.133" classname="com.training.sanity.Mediumtests.PlaceOrder_UNF034"/>
</testsuite> <!-- com.training.sanity.Mediumtests.PlaceOrder_UNF034 -->
