<?xml version="1.0" encoding="UTF-8"?>
<!-- Generated by org.testng.reporters.JUnitReportReporter -->
<testsuite hostname="DESKTOP-C9NFQ72" name="com.training.sanity.Complex.AdminFilterProduct" tests="5" failures="0" timestamp="21 May 2020 04:10:54 GMT" time="37.240" errors="0">
  <testcase name="filterProduct" time="8.759" classname="com.training.sanity.Complex.AdminFilterProduct"/>
  <testcase name="uniformLogin" time="4.770" classname="com.training.sanity.Complex.AdminFilterProduct"/>
  <testcase name="filterProduct" time="7.605" classname="com.training.sanity.Complex.AdminFilterProduct"/>
  <testcase name="filterProduct" time="8.095" classname="com.training.sanity.Complex.AdminFilterProduct"/>
  <testcase name="filterProduct" time="8.011" classname="com.training.sanity.Complex.AdminFilterProduct"/>
</testsuite> <!-- com.training.sanity.Complex.AdminFilterProduct -->
